<?xml version="1.0" encoding="UTF-8"?>
<beans xmlns="http://www.springframework.org/schema/beans"
	xmlns:xsi="http://www.w3.org/2001/XMLSchema-instance"
	xmlns:context="http://www.springframework.org/schema/context"
	xmlns:p="http://www.springframework.org/schema/p"
	xmlns:tx="http://www.springframework.org/schema/tx"
	xsi:schemaLocation="http://www.springframework.org/schema/beans
    http://www.springframework.org/schema/beans/spring-beans.xsd
    http://www.springframework.org/schema/context
    http://www.springframework.org/schema/context/spring-context.xsd 
     http://www.springframework.org/schema/tx
    http://www.springframework.org/schema/tx/spring-tx.xsd   
    ">
    <context:annotation-config></context:annotation-config>


	<context:component-scan
		base-package="com.simplilearn.controller" />
		
		 <bean id="jspViewResolver" class="org.springframework.web.servlet.view.InternalResourceViewResolver">
        <property name="suffix" value=".jsp"></property>
        <property name="prefix" value="/WEB-INF/view/"></property>
        </bean>
		
		 <bean id="dataSource" class="org.springframework.jdbc.datasource.DriverManagerDataSource">
        <property name="driverClassName" value="com.mysql.cj.jdbc.Driver"></property>
        <property name="url" value="jdbc:mysql://localhost:3306/addproducts"></property>
        <property name="username" value="root"></property>
        <property name="password" value="@Aayu0143@"></property>
        
        </bean>
        
        
        <bean id="jdbcTemplate" class="org.springframework.jdbc.core.JdbcTemplate">
        	<property name="dataSource" ref="dataSource"></property>
        </bean>
        
        <bean id="dao" class="com.simplilearn.dao.EProductDao"></bean>
		
		
		
		
		</beans>