<?xml version="1.0" encoding="UTF-8"?>
<!-- Generated by org.testng.reporters.JUnitReportReporter -->
<testsuite hostname="DESKTOP-ANFTBTH" failures="0" tests="1" name="com.simplilearn.demo.SearchTest" time="82.830" errors="0" timestamp="11 Oct 2022 15:26:23 GMT" skipped="0">
  <testcase classname="com.simplilearn.demo.SearchTest" name="Products" time="82.830"/>
</testsuite> <!-- com.simplilearn.demo.SearchTest -->
