<?xml version="1.0" encoding="UTF-8"?>
<!-- Generated by org.testng.reporters.JUnitReportReporter -->
<testsuite hostname="DESKTOP-ANFTBTH" failures="0" tests="1" name="com.simplilearn.demo.LoginTest" time="6.770" errors="0" timestamp="14 Oct 2022 14:39:44 GMT" skipped="0">
  <testcase classname="com.simplilearn.demo.LoginTest" name="user" time="6.770"/>
</testsuite> <!-- com.simplilearn.demo.LoginTest -->
