<?xml version="1.0" encoding="UTF-8"?>
<!-- Generated by org.testng.reporters.JUnitReportReporter -->
<testsuite hostname="DESKTOP-ANFTBTH" failures="0" tests="2" name="com.simplilearn.demo.BrowserTest" time="33.908" errors="0" timestamp="14 Oct 2022 14:06:37 GMT" skipped="0">
  <testcase classname="com.simplilearn.demo.BrowserTest" name="launchFireFox" time="19.579"/>
  <testcase classname="com.simplilearn.demo.BrowserTest" name="launchChrome" time="14.329"/>
</testsuite> <!-- com.simplilearn.demo.BrowserTest -->
