<?xml version="1.0" encoding="UTF-8"?>
<!-- Generated by org.testng.reporters.JUnitReportReporter -->
<testsuite hostname="DESKTOP-ANFTBTH" failures="0" tests="1" name="com.registration.demo.RegistrationTest" time="39.439" errors="0" timestamp="06 Oct 2022 10:30:32 GMT" skipped="0">
  <testcase classname="com.registration.demo.RegistrationTest" name="registrationTest" time="39.439"/>
</testsuite> <!-- com.registration.demo.RegistrationTest -->
