<?xml version="1.0" encoding="UTF-8"?>
<!-- Generated by org.testng.reporters.JUnitReportReporter -->
<testsuite hostname="DESKTOP-ANFTBTH" failures="0" tests="1" name="com.login.demo.LoginTest" time="31.535" errors="0" timestamp="06 Oct 2022 10:29:28 GMT" skipped="0">
  <testcase classname="com.login.demo.LoginTest" name="loginTest" time="31.535"/>
</testsuite> <!-- com.login.demo.LoginTest -->
