<?xml version="1.0" encoding="UTF-8"?>
<!-- Generated by org.testng.reporters.JUnitReportReporter -->
<testsuite hostname="DESKTOP-ANFTBTH" failures="0" tests="1" name="com.simplilearn.demo.FirefoxTest" time="19.226" errors="0" timestamp="11 Oct 2022 15:17:25 GMT" skipped="0">
  <testcase classname="com.simplilearn.demo.FirefoxTest" name="Product" time="19.226"/>
</testsuite> <!-- com.simplilearn.demo.FirefoxTest -->
